2021-08-16T15:02:48.392Z - success: protocol editor-framework registered
2021-08-16T15:02:48.393Z - success: protocol app registered
2021-08-16T15:02:48.393Z - success: protocol theme registered
2021-08-16T15:02:48.393Z - success: protocol packages registered
2021-08-16T15:02:48.407Z - normal: Load ~/.CocosCreator/settings.json
2021-08-16T15:02:48.438Z - success: protocol uuid registerred
2021-08-16T15:02:48.438Z - success: protocol db registerred
2021-08-16T15:02:48.438Z - success: protocol thumbnail registerred
2021-08-16T15:02:48.479Z - normal: Initializing Asset Database
2021-08-16T15:02:48.481Z - normal: checking language setting...
2021-08-16T15:02:48.481Z - normal: Language: en
2021-08-16T15:02:48.484Z - success: protocol unpack registerred
2021-08-16T15:02:48.484Z - success: protocol disable-commonjs registerred
2021-08-16T15:02:51.791Z - normal: connected!
2021-08-16T15:02:51.792Z - normal: Check project /Volumes/Projects/MemoraMax/memoryGame
2021-08-16T15:02:51.793Z - normal: Initializing project /Volumes/Projects/MemoraMax/memoryGame
2021-08-16T15:02:51.984Z - success: adapters loaded
2021-08-16T15:02:51.989Z - success: asset-db-debugger loaded
2021-08-16T15:02:52.054Z - success: fb-audience-network loaded
2021-08-16T15:02:52.101Z - success: fb-live-stream loaded
2021-08-16T15:02:52.104Z - success: google-play-instant loaded
2021-08-16T15:02:52.105Z - success: jsb-adapter loaded
2021-08-16T15:02:52.109Z - success: package-manager loaded
2021-08-16T15:02:52.111Z - success: runtime-adapters loaded
2021-08-16T15:02:52.114Z - success: runtime-dev-tools loaded
2021-08-16T15:02:52.117Z - success: ui-kit-preview-extra loaded
2021-08-16T15:02:52.120Z - success: ui-kit-preview loaded
2021-08-16T15:02:52.199Z - success: alipay-minigame loaded
2021-08-16T15:02:52.207Z - success: assets loaded
2021-08-16T15:02:52.210Z - success: baidugame-opendata loaded
2021-08-16T15:02:52.212Z - success: baidugame loaded
2021-08-16T15:02:52.216Z - success: builder loaded
2021-08-16T15:02:52.219Z - success: bytedance-opendata loaded
2021-08-16T15:02:52.222Z - success: bytedance loaded
2021-08-16T15:02:52.225Z - success: channel-upload-tools loaded
2021-08-16T15:02:52.351Z - success: cloud-function loaded
2021-08-16T15:02:52.525Z - success: cocos-services loaded
2021-08-16T15:02:52.529Z - success: console loaded
2021-08-16T15:02:52.531Z - success: curve-editor loaded
2021-08-16T15:02:52.540Z - success: fb-instant-games loaded
2021-08-16T15:02:52.543Z - success: game-window loaded
2021-08-16T15:02:52.544Z - success: google-instant-games loaded
2021-08-16T15:02:52.549Z - success: hierarchy loaded
2021-08-16T15:02:52.552Z - success: huawei-agc loaded
2021-08-16T15:02:52.555Z - success: huawei-runtime loaded
2021-08-16T15:02:52.558Z - success: inspector loaded
2021-08-16T15:02:52.575Z - success: cpk-publish loaded
2021-08-16T15:02:52.576Z - success: keystore loaded
2021-08-16T15:02:52.599Z - success: link-sure-runtime loaded
2021-08-16T15:02:52.613Z - success: node-library loaded
2021-08-16T15:02:52.615Z - success: open-recent-items loaded
2021-08-16T15:02:52.618Z - success: oppo-runtime loaded
2021-08-16T15:02:52.620Z - success: package-asset loaded
2021-08-16T15:02:52.621Z - success: preferences loaded
2021-08-16T15:02:52.625Z - success: project-importer loaded
2021-08-16T15:02:52.628Z - success: project-settings loaded
2021-08-16T15:02:52.641Z - success: qtt-runtime loaded
2021-08-16T15:02:52.645Z - success: scene loaded
2021-08-16T15:02:52.645Z - success: simulator-debugger loaded
2021-08-16T15:02:52.646Z - success: sprite-editor loaded
2021-08-16T15:02:52.706Z - success: store loaded
2021-08-16T15:02:52.710Z - success: timeline loaded
2021-08-16T15:02:52.714Z - success: vivo-runtime loaded
2021-08-16T15:02:52.717Z - success: wechatgame-opendata loaded
2021-08-16T15:02:52.720Z - success: wechatgame loaded
2021-08-16T15:02:52.725Z - success: xiaomi-runtime loaded
2021-08-16T15:02:52.730Z - success: sdkbox loaded
2021-08-16T15:02:52.730Z - success: preview server running at http://localhost:7456
2021-08-16T15:02:54.203Z - normal: Initializing Cocos2d
2021-08-16T15:02:54.592Z - normal: Initializing engine extends
2021-08-16T15:02:56.528Z - normal: Loading packages
2021-08-16T15:02:56.531Z - normal: Watching packages
2021-08-16T15:02:56.717Z - normal: Run Application
2021-08-16T15:02:59.589Z - warn: The type of "localiser.key" must be cc.String, not String.
2021-08-16T15:02:59.589Z - warn: No needs to indicate the 'cc.String' attribute for "localiser.key", which its default value is type of String.
2021-08-16T15:02:59.627Z - info: Cocos Service load base data!
2021-08-16T15:03:00.114Z - success: cloud-function unloaded
2021-08-16T15:05:46.927Z - normal: Start building with options : {
  "title": "MemoraMax",
  "packageName": "org.cocos2d.demo",
  "startScene": "37de63e4-e09d-41cb-b4df-3417301534e0",
  "excludeScenes": [],
  "orientation": {
    "landscapeLeft": false,
    "landscapeRight": false,
    "portrait": true,
    "upsideDown": false
  },
  "webOrientation": "auto",
  "inlineSpriteFrames": true,
  "inlineSpriteFrames_native": true,
  "mainCompressionType": "default",
  "mainIsRemote": false,
  "optimizeHotUpdate": true,
  "md5Cache": true,
  "encryptJs": false,
  "xxteaKey": "6f8e1cc7-2a06-4a",
  "zipCompressJs": true,
  "fb-instant-games": {},
  "android": {
    "REMOTE_SERVER_ROOT": "",
    "packageName": "com.game.memoramax"
  },
  "ios": {
    "REMOTE_SERVER_ROOT": "",
    "ios_enable_jit": true,
    "packageName": "org.cocos2d.demo"
  },
  "mac": {
    "REMOTE_SERVER_ROOT": "",
    "height": 720,
    "packageName": "org.cocos2d.demo",
    "width": 1280
  },
  "win32": {
    "REMOTE_SERVER_ROOT": "",
    "height": 720,
    "width": 1280
  },
  "android-instant": {
    "REMOTE_SERVER_ROOT": "http://192.168.43.57:7456/preview-android-instant/",
    "host": "",
    "packageName": "org.cocos2d.demo",
    "pathPattern": "",
    "recordPath": "",
    "scheme": "https",
    "skipRecord": false
  },
  "appBundle": false,
  "agreements": {},
  "includeAnySDK": false,
  "platform": "android",
  "actualPlatform": "android",
  "template": "default",
  "buildPath": "/Volumes/Projects/MemoraMax/memoryGame/build",
  "debug": false,
  "sourceMaps": false,
  "embedWebDebugger": false,
  "previewWidth": "1280",
  "previewHeight": "720",
  "useDebugKeystore": true,
  "apiLevel": "",
  "appABIs": [
    "armeabi-v7a",
    "arm64-v8a"
  ],
  "vsVersion": "auto",
  "buildScriptsOnly": false,
  "dest": "/Volumes/Projects/MemoraMax/memoryGame/build/jsb-default",
  "separateEngineMode": false,
  "scenes": [
    "37de63e4-e09d-41cb-b4df-3417301534e0",
    "32c26816-e94f-4b75-a9b1-8880acbee211"
  ],
  "excludedModules": [
    "3D Physics/Builtin"
  ],
  "project": "/Volumes/Projects/MemoraMax/memoryGame",
  "projectName": "MemoraMax",
  "debugBuildWorker": false
}
2021-08-16T15:05:46.927Z - normal: Building /Volumes/Projects/MemoraMax/memoryGame
2021-08-16T15:05:46.928Z - normal: Destination /Volumes/Projects/MemoraMax/memoryGame/build/jsb-default
2021-08-16T15:05:47.067Z - normal: Delete /Volumes/Projects/MemoraMax/memoryGame/build/jsb-default/assets/**/*,/Volumes/Projects/MemoraMax/memoryGame/build/jsb-default/remote/**/*,/Volumes/Projects/MemoraMax/memoryGame/build/jsb-default/src/**/*
2021-08-16T15:05:47.072Z - error: Build Failed: Error: [NDK Root] is empty, please set [NDK Root] in Preferences.
    at a (/Applications/CocosCreator/Creator/2.4.5/CocosCreator.app/Contents/Resources/app.asar/editor/core/native-utils.ccc:1:2374)
    at /Applications/CocosCreator/Creator/2.4.5/CocosCreator.app/Contents/Resources/app.asar/editor/core/native-utils.ccc:1:2647
    at U (/Applications/CocosCreator/Creator/2.4.5/CocosCreator.app/Contents/Resources/app.asar/editor/core/native-utils.ccc:1:2907)
    at Object.build (/Applications/CocosCreator/Creator/2.4.5/CocosCreator.app/Contents/Resources/app.asar/editor/core/native-utils.ccc:1:19484)
    at /Applications/CocosCreator/Creator/2.4.5/CocosCreator.app/Contents/Resources/app.asar/editor/core/gulp-build.ccc:1:24598
    at build-cocos-native-project (/Applications/CocosCreator/Creator/2.4.5/CocosCreator.app/Contents/Resources/app.asar/node_modules/undertaker/lib/set-task.js:13:15)
    at bound (domain.js:427:14)
    at runBound (domain.js:440:12)
    at asyncRunner (/Applications/CocosCreator/Creator/2.4.5/CocosCreator.app/Contents/Resources/app.asar/node_modules/async-done/index.js:55:18)
    at processTicksAndRejections (internal/process/task_queues.js:79:11)
    at /Applications/CocosCreator/Creator/2.4.5/CocosCreator.app/Contents/Resources/app.asar/editor/lib/builder/index.ccc:1:3950
    at wrapper (/Applications/CocosCreator/Creator/2.4.5/CocosCreator.app/Contents/Resources/app.asar/node_modules/async/dist/async.js:272:20)
    at next (/Applications/CocosCreator/Creator/2.4.5/CocosCreator.app/Contents/Resources/app.asar/node_modules/async/dist/async.js:4584:24)
    at /Applications/CocosCreator/Creator/2.4.5/CocosCreator.app/Contents/Resources/app.asar/node_modules/async/dist/async.js:325:20
    at /Applications/CocosCreator/Creator/2.4.5/CocosCreator.app/Contents/Resources/app.asar/editor/core/gulp-build.ccc:1:5879
    at Gulp.<anonymous> (/Applications/CocosCreator/Creator/2.4.5/CocosCreator.app/Contents/Resources/app.asar/editor/core/gulp-build.ccc:1:26733)
    at Object.onceWrapper (events.js:422:26)
    at Gulp.emit (events.js:315:20)
    at Gulp.emit (domain.js:483:12)
2021-08-16T15:06:22.949Z - normal: Start building with options : {
  "title": "MemoraMax",
  "packageName": "org.cocos2d.demo",
  "startScene": "37de63e4-e09d-41cb-b4df-3417301534e0",
  "excludeScenes": [],
  "orientation": {
    "landscapeLeft": false,
    "landscapeRight": false,
    "portrait": true,
    "upsideDown": false
  },
  "webOrientation": "auto",
  "inlineSpriteFrames": true,
  "inlineSpriteFrames_native": true,
  "mainCompressionType": "default",
  "mainIsRemote": false,
  "optimizeHotUpdate": true,
  "md5Cache": true,
  "encryptJs": false,
  "xxteaKey": "6f8e1cc7-2a06-4a",
  "zipCompressJs": true,
  "fb-instant-games": {},
  "android": {
    "REMOTE_SERVER_ROOT": "",
    "packageName": "com.game.memoramax"
  },
  "ios": {
    "REMOTE_SERVER_ROOT": "",
    "ios_enable_jit": true,
    "packageName": "org.cocos2d.demo"
  },
  "mac": {
    "REMOTE_SERVER_ROOT": "",
    "height": 720,
    "packageName": "org.cocos2d.demo",
    "width": 1280
  },
  "win32": {
    "REMOTE_SERVER_ROOT": "",
    "height": 720,
    "width": 1280
  },
  "android-instant": {
    "REMOTE_SERVER_ROOT": "http://192.168.43.57:7456/preview-android-instant/",
    "host": "",
    "packageName": "org.cocos2d.demo",
    "pathPattern": "",
    "recordPath": "",
    "scheme": "https",
    "skipRecord": false
  },
  "appBundle": false,
  "agreements": {},
  "includeAnySDK": false,
  "platform": "android",
  "actualPlatform": "android",
  "template": "default",
  "buildPath": "/Volumes/Projects/MemoraMax/memoryGame/build",
  "debug": false,
  "sourceMaps": false,
  "embedWebDebugger": false,
  "previewWidth": "1280",
  "previewHeight": "720",
  "useDebugKeystore": true,
  "apiLevel": "",
  "appABIs": [
    "armeabi-v7a",
    "arm64-v8a"
  ],
  "vsVersion": "auto",
  "buildScriptsOnly": false,
  "dest": "/Volumes/Projects/MemoraMax/memoryGame/build/jsb-default",
  "separateEngineMode": false,
  "scenes": [
    "37de63e4-e09d-41cb-b4df-3417301534e0",
    "32c26816-e94f-4b75-a9b1-8880acbee211"
  ],
  "excludedModules": [
    "3D Physics/Builtin"
  ],
  "project": "/Volumes/Projects/MemoraMax/memoryGame",
  "projectName": "MemoraMax",
  "debugBuildWorker": false
}
2021-08-16T15:06:22.950Z - normal: Building /Volumes/Projects/MemoraMax/memoryGame
2021-08-16T15:06:22.950Z - normal: Destination /Volumes/Projects/MemoraMax/memoryGame/build/jsb-default
2021-08-16T15:06:22.951Z - normal: Delete /Volumes/Projects/MemoraMax/memoryGame/build/jsb-default/assets/**/*,/Volumes/Projects/MemoraMax/memoryGame/build/jsb-default/remote/**/*,/Volumes/Projects/MemoraMax/memoryGame/build/jsb-default/src/**/*
2021-08-16T15:06:22.952Z - error: Build Failed: Error: [Android SDK Root] is empty, please set [Android SDK Root] in Preferences.
    at a (/Applications/CocosCreator/Creator/2.4.5/CocosCreator.app/Contents/Resources/app.asar/editor/core/native-utils.ccc:1:2374)
    at /Applications/CocosCreator/Creator/2.4.5/CocosCreator.app/Contents/Resources/app.asar/editor/core/native-utils.ccc:1:2677
    at U (/Applications/CocosCreator/Creator/2.4.5/CocosCreator.app/Contents/Resources/app.asar/editor/core/native-utils.ccc:1:2907)
    at Object.build (/Applications/CocosCreator/Creator/2.4.5/CocosCreator.app/Contents/Resources/app.asar/editor/core/native-utils.ccc:1:19484)
    at /Applications/CocosCreator/Creator/2.4.5/CocosCreator.app/Contents/Resources/app.asar/editor/core/gulp-build.ccc:1:24598
    at build-cocos-native-project (/Applications/CocosCreator/Creator/2.4.5/CocosCreator.app/Contents/Resources/app.asar/node_modules/undertaker/lib/set-task.js:13:15)
    at bound (domain.js:427:14)
    at runBound (domain.js:440:12)
    at asyncRunner (/Applications/CocosCreator/Creator/2.4.5/CocosCreator.app/Contents/Resources/app.asar/node_modules/async-done/index.js:55:18)
    at processTicksAndRejections (internal/process/task_queues.js:79:11)
    at /Applications/CocosCreator/Creator/2.4.5/CocosCreator.app/Contents/Resources/app.asar/editor/lib/builder/index.ccc:1:3950
    at wrapper (/Applications/CocosCreator/Creator/2.4.5/CocosCreator.app/Contents/Resources/app.asar/node_modules/async/dist/async.js:272:20)
    at next (/Applications/CocosCreator/Creator/2.4.5/CocosCreator.app/Contents/Resources/app.asar/node_modules/async/dist/async.js:4584:24)
    at /Applications/CocosCreator/Creator/2.4.5/CocosCreator.app/Contents/Resources/app.asar/node_modules/async/dist/async.js:325:20
    at /Applications/CocosCreator/Creator/2.4.5/CocosCreator.app/Contents/Resources/app.asar/editor/core/gulp-build.ccc:1:5879
    at Gulp.<anonymous> (/Applications/CocosCreator/Creator/2.4.5/CocosCreator.app/Contents/Resources/app.asar/editor/core/gulp-build.ccc:1:26733)
    at Object.onceWrapper (events.js:422:26)
    at Gulp.emit (events.js:315:20)
    at Gulp.emit (domain.js:483:12)
2021-08-16T15:10:57.200Z - normal: Start building with options : {
  "title": "MemoraMax",
  "packageName": "org.cocos2d.demo",
  "startScene": "37de63e4-e09d-41cb-b4df-3417301534e0",
  "excludeScenes": [],
  "orientation": {
    "landscapeLeft": false,
    "landscapeRight": false,
    "portrait": true,
    "upsideDown": false
  },
  "webOrientation": "auto",
  "inlineSpriteFrames": true,
  "inlineSpriteFrames_native": true,
  "mainCompressionType": "default",
  "mainIsRemote": false,
  "optimizeHotUpdate": true,
  "md5Cache": true,
  "encryptJs": false,
  "xxteaKey": "6f8e1cc7-2a06-4a",
  "zipCompressJs": true,
  "fb-instant-games": {},
  "android": {
    "REMOTE_SERVER_ROOT": "",
    "packageName": "com.game.memoramax"
  },
  "ios": {
    "REMOTE_SERVER_ROOT": "",
    "ios_enable_jit": true,
    "packageName": "org.cocos2d.demo"
  },
  "mac": {
    "REMOTE_SERVER_ROOT": "",
    "height": 720,
    "packageName": "org.cocos2d.demo",
    "width": 1280
  },
  "win32": {
    "REMOTE_SERVER_ROOT": "",
    "height": 720,
    "width": 1280
  },
  "android-instant": {
    "REMOTE_SERVER_ROOT": "http://192.168.43.57:7456/preview-android-instant/",
    "host": "",
    "packageName": "org.cocos2d.demo",
    "pathPattern": "",
    "recordPath": "",
    "scheme": "https",
    "skipRecord": false
  },
  "appBundle": false,
  "agreements": {},
  "includeAnySDK": false,
  "platform": "android",
  "actualPlatform": "android",
  "template": "default",
  "buildPath": "/Volumes/Projects/MemoraMax/memoryGame/build",
  "debug": false,
  "sourceMaps": false,
  "embedWebDebugger": false,
  "previewWidth": "1280",
  "previewHeight": "720",
  "useDebugKeystore": true,
  "apiLevel": "",
  "appABIs": [
    "armeabi-v7a",
    "arm64-v8a"
  ],
  "vsVersion": "auto",
  "buildScriptsOnly": false,
  "dest": "/Volumes/Projects/MemoraMax/memoryGame/build/jsb-default",
  "separateEngineMode": false,
  "scenes": [
    "37de63e4-e09d-41cb-b4df-3417301534e0",
    "32c26816-e94f-4b75-a9b1-8880acbee211"
  ],
  "excludedModules": [
    "3D Physics/Builtin"
  ],
  "project": "/Volumes/Projects/MemoraMax/memoryGame",
  "projectName": "MemoraMax",
  "debugBuildWorker": false
}
2021-08-16T15:10:57.201Z - normal: Building /Volumes/Projects/MemoraMax/memoryGame
2021-08-16T15:10:57.201Z - normal: Destination /Volumes/Projects/MemoraMax/memoryGame/build/jsb-default
2021-08-16T15:10:57.201Z - normal: Delete /Volumes/Projects/MemoraMax/memoryGame/build/jsb-default/assets/**/*,/Volumes/Projects/MemoraMax/memoryGame/build/jsb-default/remote/**/*,/Volumes/Projects/MemoraMax/memoryGame/build/jsb-default/src/**/*
2021-08-16T15:10:57.215Z - normal: Checked Python Version [2.7.16]
2021-08-16T15:10:58.551Z - normal: Building 3D physics modules...
2021-08-16T15:11:32.113Z - normal: Compiling /Volumes/Projects/MemoraMax/memoryGame
2021-08-16T15:11:33.444Z - normal: Start building assets
2021-08-16T15:11:33.444Z - normal: Start spawn build-worker
2021-08-16T15:11:33.963Z - normal: Finish spawn build-worker
2021-08-16T15:11:33.964Z - normal: Start init build-worker
2021-08-16T15:11:36.052Z - normal: Finish init build-worker
2021-08-16T15:11:36.052Z - normal: Start build-assets in worker
2021-08-16T15:11:37.294Z - normal: Finish build-assets in worker
2021-08-16T15:11:37.299Z - normal: Finish building assets
2021-08-16T15:11:37.374Z - normal: Start building plugin scripts
2021-08-16T15:11:37.391Z - normal: Generating main.js from /Applications/CocosCreator/Creator/2.4.5/CocosCreator.app/Contents/Resources/static/build-templates/shares/main.js
2021-08-16T15:11:37.797Z - normal: Built to "/Volumes/Projects/MemoraMax/memoryGame/build/jsb-default" successfully
2021-08-16T15:12:36.173Z - normal: Checked Python Version [2.7.16]
2021-08-16T15:12:37.308Z - normal: Start to compile native project. Please wait...
2021-08-16T15:12:37.309Z - normal: The log file path [ /Users/shivani/.CocosCreator/logs/native.log ]
2021-08-16T15:12:38.581Z - failed: Error: Compile failed. The log file path [ /Users/shivani/.CocosCreator/logs/native.log ]
    at ChildProcess.<anonymous> (/Applications/CocosCreator/Creator/2.4.5/CocosCreator.app/Contents/Resources/app.asar/editor/core/native-utils.ccc:1:24467)
    at ChildProcess.<anonymous> (/Applications/CocosCreator/Creator/2.4.5/CocosCreator.app/Contents/Resources/app.asar/editor/core/native-utils.ccc:1:6527)
    at ChildProcess.emit (events.js:315:20)
    at ChildProcess.emit (domain.js:483:12)
    at maybeClose (internal/child_process.js:1021:16)
    at Socket.<anonymous> (internal/child_process.js:443:11)
    at Socket.emit (events.js:315:20)
    at Socket.emit (domain.js:483:12)
    at Pipe.<anonymous> (net.js:674:12)
    at Pipe.callbackTrampoline (internal/async_hooks.js:120:14)
2021-08-16T15:21:39.484Z - normal: Checked Python Version [2.7.16]
2021-08-16T15:21:40.612Z - normal: Start to compile native project. Please wait...
2021-08-16T15:21:40.613Z - normal: The log file path [ /Users/shivani/.CocosCreator/logs/native.log ]
2021-08-16T15:21:41.802Z - failed: Error: Compile failed. The log file path [ /Users/shivani/.CocosCreator/logs/native.log ]
    at ChildProcess.<anonymous> (/Applications/CocosCreator/Creator/2.4.5/CocosCreator.app/Contents/Resources/app.asar/editor/core/native-utils.ccc:1:24467)
    at ChildProcess.<anonymous> (/Applications/CocosCreator/Creator/2.4.5/CocosCreator.app/Contents/Resources/app.asar/editor/core/native-utils.ccc:1:6527)
    at ChildProcess.emit (events.js:315:20)
    at ChildProcess.emit (domain.js:483:12)
    at maybeClose (internal/child_process.js:1021:16)
    at Process.onexit (internal/child_process.js:286:5)
    at Process.callbackTrampoline (internal/async_hooks.js:120:14)
2021-08-16T15:27:52.250Z - info: shutdown preview server
